[2026-01-22 12:55:49,685] [2-thread-2] [ERROR] [com.ibm.quantumsafe.sca.framework.common.JavaGenerateGraphModelImpl] - Failed to create a graph for /Users/I570104/Documents/SAP Signavio/PqcMigration/Repos/Abstracted-Crypto-Usage/src/main/java/example/crypto/jwt/JwtExample.java
java.lang.IllegalStateException: Error: cannot find the ClassInfo of example.crypto.jwt.JwtExample
	at com.ibm.quantumsafe.sca.slicer.graph.ClassGraphBuilder.buildInheritedDataMembersGivenMyClassName(ClassGraphBuilder.java:508) ~[quantum-safe-sca-tng-0.0.1-SNAPSHOT.jar:?]
	at com.ibm.quantumsafe.sca.slicer.graph.ClassGraphBuilder.buildDataMembersAndEnums(ClassGraphBuilder.java:373) ~[quantum-safe-sca-tng-0.0.1-SNAPSHOT.jar:?]
	at com.ibm.quantumsafe.sca.slicer.graph.ClassGraphBuilder.buildOneClass(ClassGraphBuilder.java:260) ~[quantum-safe-sca-tng-0.0.1-SNAPSHOT.jar:?]
	at com.ibm.quantumsafe.sca.slicer.graph.GraphBuilder.buildGraphFromANTLR(GraphBuilder.java:145) ~[quantum-safe-sca-tng-0.0.1-SNAPSHOT.jar:?]
	at com.ibm.quantumsafe.sca.slicer.graph.GraphBuilder.createGraphFromInput(GraphBuilder.java:65) ~[quantum-safe-sca-tng-0.0.1-SNAPSHOT.jar:?]
	at com.ibm.quantumsafe.sca.slicer.AppData.createGraphForInputFile(AppData.java:140) ~[quantum-safe-sca-tng-0.0.1-SNAPSHOT.jar:?]
	at com.ibm.quantumsafe.sca.framework.common.JavaGenerateGraphModelImpl.execute(JavaGenerateGraphModelImpl.java:63) [quantum-safe-sca-tng-0.0.1-SNAPSHOT.jar:?]
	at com.ibm.quantumsafe.sca.framework.standalone.StandaloneTask.extracted(StandaloneTask.java:733) [quantum-safe-sca-tng-0.0.1-SNAPSHOT.jar:?]
	at com.ibm.quantumsafe.sca.framework.standalone.StandaloneTask.filterFileToBeProcessed2(StandaloneTask.java:699) [quantum-safe-sca-tng-0.0.1-SNAPSHOT.jar:?]
	at com.ibm.quantumsafe.sca.framework.standalone.StandaloneTask.filterFileToBeProcessed(StandaloneTask.java:663) [quantum-safe-sca-tng-0.0.1-SNAPSHOT.jar:?]
	at com.ibm.quantumsafe.sca.framework.standalone.StandaloneTask.runTask2b(StandaloneTask.java:606) [quantum-safe-sca-tng-0.0.1-SNAPSHOT.jar:?]
	at com.ibm.quantumsafe.sca.framework.standalone.StandaloneTask.runTask2a(StandaloneTask.java:373) [quantum-safe-sca-tng-0.0.1-SNAPSHOT.jar:?]
	at com.ibm.quantumsafe.sca.framework.standalone.StandaloneTask.runTask(StandaloneTask.java:220) [quantum-safe-sca-tng-0.0.1-SNAPSHOT.jar:?]
	at com.ibm.quantumsafe.sca.framework.standalone.StandaloneTask.runTaskLocal(StandaloneTask.java:1008) [quantum-safe-sca-tng-0.0.1-SNAPSHOT.jar:?]
	at com.ibm.quantumsafe.sca.framework.standalone.StandaloneTask.runTask2(StandaloneTask.java:894) [quantum-safe-sca-tng-0.0.1-SNAPSHOT.jar:?]
	at com.ibm.quantumsafe.sca.framework.standalone.StandaloneTask.runTask(StandaloneTask.java:855) [quantum-safe-sca-tng-0.0.1-SNAPSHOT.jar:?]
	at com.ibm.quantumsafe.lang.driver.DriverBase.javaBuildRdfGraphModel(DriverBase.java:291) [quantum-safe-sca-tng-0.0.1-SNAPSHOT.jar:?]
	at com.ibm.quantumsafe.lang.driver.DriverBase.java(DriverBase.java:251) [quantum-safe-sca-tng-0.0.1-SNAPSHOT.jar:?]
	at com.ibm.quantumsafe.lang.driver.DriverBase.multiLanguageSelection(DriverBase.java:202) [quantum-safe-sca-tng-0.0.1-SNAPSHOT.jar:?]
	at com.ibm.quantumsafe.lang.driver.DriverBase.selectStep(DriverBase.java:170) [quantum-safe-sca-tng-0.0.1-SNAPSHOT.jar:?]
	at com.ibm.quantumsafe.lang.driver.DriverBase.processSingleSteps(DriverBase.java:156) [quantum-safe-sca-tng-0.0.1-SNAPSHOT.jar:?]
	at com.ibm.quantumsafe.lang.driver.DriverBase.execute1(DriverBase.java:132) [quantum-safe-sca-tng-0.0.1-SNAPSHOT.jar:?]
	at com.ibm.quantumsafe.lang.driver.DriverBase.execute(DriverBase.java:115) [quantum-safe-sca-tng-0.0.1-SNAPSHOT.jar:?]
	at com.ibm.quantumsafe.integrator.impl.IntegratorAPIImpl.lambda$execute$1(IntegratorAPIImpl.java:156) [quantum-safe-integration-0.0.1-SNAPSHOT.jar:?]
	at java.base/java.util.concurrent.FutureTask.run(FutureTask.java:328) [?:?]
	at java.base/java.util.concurrent.ThreadPoolExecutor.runWorker(ThreadPoolExecutor.java:1090) [?:?]
	at java.base/java.util.concurrent.ThreadPoolExecutor$Worker.run(ThreadPoolExecutor.java:614) [?:?]
	at java.base/java.lang.Thread.run(Thread.java:1474) [?:?]
[2026-01-22 12:55:49,876] [2-thread-2] [ERROR] [com.ibm.quantumsafe.sca.framework.common.JavaGenerateGraphModelImpl] - Failed to create a graph for /Users/I570104/Documents/SAP Signavio/PqcMigration/Repos/Abstracted-Crypto-Usage/src/tests_disabled/java/example/crypto/asymmetric/RsaCryptoExampleTest.java
java.lang.IllegalStateException: Error: cannot find the ClassInfo of example.crypto.asymmetric.RsaCryptoExampleTest
	at com.ibm.quantumsafe.sca.slicer.graph.ClassGraphBuilder.buildInheritedDataMembersGivenMyClassName(ClassGraphBuilder.java:508) ~[quantum-safe-sca-tng-0.0.1-SNAPSHOT.jar:?]
	at com.ibm.quantumsafe.sca.slicer.graph.ClassGraphBuilder.buildDataMembersAndEnums(ClassGraphBuilder.java:373) ~[quantum-safe-sca-tng-0.0.1-SNAPSHOT.jar:?]
	at com.ibm.quantumsafe.sca.slicer.graph.ClassGraphBuilder.buildOneClass(ClassGraphBuilder.java:260) ~[quantum-safe-sca-tng-0.0.1-SNAPSHOT.jar:?]
	at com.ibm.quantumsafe.sca.slicer.graph.GraphBuilder.buildGraphFromANTLR(GraphBuilder.java:145) ~[quantum-safe-sca-tng-0.0.1-SNAPSHOT.jar:?]
	at com.ibm.quantumsafe.sca.slicer.graph.GraphBuilder.createGraphFromInput(GraphBuilder.java:65) ~[quantum-safe-sca-tng-0.0.1-SNAPSHOT.jar:?]
	at com.ibm.quantumsafe.sca.slicer.AppData.createGraphForInputFile(AppData.java:140) ~[quantum-safe-sca-tng-0.0.1-SNAPSHOT.jar:?]
	at com.ibm.quantumsafe.sca.framework.common.JavaGenerateGraphModelImpl.execute(JavaGenerateGraphModelImpl.java:63) [quantum-safe-sca-tng-0.0.1-SNAPSHOT.jar:?]
	at com.ibm.quantumsafe.sca.framework.standalone.StandaloneTask.extracted(StandaloneTask.java:733) [quantum-safe-sca-tng-0.0.1-SNAPSHOT.jar:?]
	at com.ibm.quantumsafe.sca.framework.standalone.StandaloneTask.filterFileToBeProcessed2(StandaloneTask.java:699) [quantum-safe-sca-tng-0.0.1-SNAPSHOT.jar:?]
	at com.ibm.quantumsafe.sca.framework.standalone.StandaloneTask.filterFileToBeProcessed(StandaloneTask.java:663) [quantum-safe-sca-tng-0.0.1-SNAPSHOT.jar:?]
	at com.ibm.quantumsafe.sca.framework.standalone.StandaloneTask.runTask2b(StandaloneTask.java:606) [quantum-safe-sca-tng-0.0.1-SNAPSHOT.jar:?]
	at com.ibm.quantumsafe.sca.framework.standalone.StandaloneTask.runTask2a(StandaloneTask.java:373) [quantum-safe-sca-tng-0.0.1-SNAPSHOT.jar:?]
	at com.ibm.quantumsafe.sca.framework.standalone.StandaloneTask.runTask(StandaloneTask.java:220) [quantum-safe-sca-tng-0.0.1-SNAPSHOT.jar:?]
	at com.ibm.quantumsafe.sca.framework.standalone.StandaloneTask.runTaskLocal(StandaloneTask.java:1008) [quantum-safe-sca-tng-0.0.1-SNAPSHOT.jar:?]
	at com.ibm.quantumsafe.sca.framework.standalone.StandaloneTask.runTask2(StandaloneTask.java:894) [quantum-safe-sca-tng-0.0.1-SNAPSHOT.jar:?]
	at com.ibm.quantumsafe.sca.framework.standalone.StandaloneTask.runTask(StandaloneTask.java:855) [quantum-safe-sca-tng-0.0.1-SNAPSHOT.jar:?]
	at com.ibm.quantumsafe.lang.driver.DriverBase.javaBuildRdfGraphModel(DriverBase.java:291) [quantum-safe-sca-tng-0.0.1-SNAPSHOT.jar:?]
	at com.ibm.quantumsafe.lang.driver.DriverBase.java(DriverBase.java:251) [quantum-safe-sca-tng-0.0.1-SNAPSHOT.jar:?]
	at com.ibm.quantumsafe.lang.driver.DriverBase.multiLanguageSelection(DriverBase.java:202) [quantum-safe-sca-tng-0.0.1-SNAPSHOT.jar:?]
	at com.ibm.quantumsafe.lang.driver.DriverBase.selectStep(DriverBase.java:170) [quantum-safe-sca-tng-0.0.1-SNAPSHOT.jar:?]
	at com.ibm.quantumsafe.lang.driver.DriverBase.processSingleSteps(DriverBase.java:156) [quantum-safe-sca-tng-0.0.1-SNAPSHOT.jar:?]
	at com.ibm.quantumsafe.lang.driver.DriverBase.execute1(DriverBase.java:132) [quantum-safe-sca-tng-0.0.1-SNAPSHOT.jar:?]
	at com.ibm.quantumsafe.lang.driver.DriverBase.execute(DriverBase.java:115) [quantum-safe-sca-tng-0.0.1-SNAPSHOT.jar:?]
	at com.ibm.quantumsafe.integrator.impl.IntegratorAPIImpl.lambda$execute$1(IntegratorAPIImpl.java:156) [quantum-safe-integration-0.0.1-SNAPSHOT.jar:?]
	at java.base/java.util.concurrent.FutureTask.run(FutureTask.java:328) [?:?]
	at java.base/java.util.concurrent.ThreadPoolExecutor.runWorker(ThreadPoolExecutor.java:1090) [?:?]
	at java.base/java.util.concurrent.ThreadPoolExecutor$Worker.run(ThreadPoolExecutor.java:614) [?:?]
	at java.base/java.lang.Thread.run(Thread.java:1474) [?:?]
[2026-01-22 12:55:49,888] [2-thread-2] [ERROR] [com.ibm.quantumsafe.sca.framework.common.JavaGenerateGraphModelImpl] - Failed to create a graph for /Users/I570104/Documents/SAP Signavio/PqcMigration/Repos/Abstracted-Crypto-Usage/src/tests_disabled/java/example/crypto/hash/HashExamplesTest.java
java.lang.IllegalStateException: Error: cannot find the ClassInfo of example.crypto.hash.HashExamplesTest
	at com.ibm.quantumsafe.sca.slicer.graph.ClassGraphBuilder.buildInheritedDataMembersGivenMyClassName(ClassGraphBuilder.java:508) ~[quantum-safe-sca-tng-0.0.1-SNAPSHOT.jar:?]
	at com.ibm.quantumsafe.sca.slicer.graph.ClassGraphBuilder.buildDataMembersAndEnums(ClassGraphBuilder.java:373) ~[quantum-safe-sca-tng-0.0.1-SNAPSHOT.jar:?]
	at com.ibm.quantumsafe.sca.slicer.graph.ClassGraphBuilder.buildOneClass(ClassGraphBuilder.java:260) ~[quantum-safe-sca-tng-0.0.1-SNAPSHOT.jar:?]
	at com.ibm.quantumsafe.sca.slicer.graph.GraphBuilder.buildGraphFromANTLR(GraphBuilder.java:145) ~[quantum-safe-sca-tng-0.0.1-SNAPSHOT.jar:?]
	at com.ibm.quantumsafe.sca.slicer.graph.GraphBuilder.createGraphFromInput(GraphBuilder.java:65) ~[quantum-safe-sca-tng-0.0.1-SNAPSHOT.jar:?]
	at com.ibm.quantumsafe.sca.slicer.AppData.createGraphForInputFile(AppData.java:140) ~[quantum-safe-sca-tng-0.0.1-SNAPSHOT.jar:?]
	at com.ibm.quantumsafe.sca.framework.common.JavaGenerateGraphModelImpl.execute(JavaGenerateGraphModelImpl.java:63) [quantum-safe-sca-tng-0.0.1-SNAPSHOT.jar:?]
	at com.ibm.quantumsafe.sca.framework.standalone.StandaloneTask.extracted(StandaloneTask.java:733) [quantum-safe-sca-tng-0.0.1-SNAPSHOT.jar:?]
	at com.ibm.quantumsafe.sca.framework.standalone.StandaloneTask.filterFileToBeProcessed2(StandaloneTask.java:699) [quantum-safe-sca-tng-0.0.1-SNAPSHOT.jar:?]
	at com.ibm.quantumsafe.sca.framework.standalone.StandaloneTask.filterFileToBeProcessed(StandaloneTask.java:663) [quantum-safe-sca-tng-0.0.1-SNAPSHOT.jar:?]
	at com.ibm.quantumsafe.sca.framework.standalone.StandaloneTask.runTask2b(StandaloneTask.java:606) [quantum-safe-sca-tng-0.0.1-SNAPSHOT.jar:?]
	at com.ibm.quantumsafe.sca.framework.standalone.StandaloneTask.runTask2a(StandaloneTask.java:373) [quantum-safe-sca-tng-0.0.1-SNAPSHOT.jar:?]
	at com.ibm.quantumsafe.sca.framework.standalone.StandaloneTask.runTask(StandaloneTask.java:220) [quantum-safe-sca-tng-0.0.1-SNAPSHOT.jar:?]
	at com.ibm.quantumsafe.sca.framework.standalone.StandaloneTask.runTaskLocal(StandaloneTask.java:1008) [quantum-safe-sca-tng-0.0.1-SNAPSHOT.jar:?]
	at com.ibm.quantumsafe.sca.framework.standalone.StandaloneTask.runTask2(StandaloneTask.java:894) [quantum-safe-sca-tng-0.0.1-SNAPSHOT.jar:?]
	at com.ibm.quantumsafe.sca.framework.standalone.StandaloneTask.runTask(StandaloneTask.java:855) [quantum-safe-sca-tng-0.0.1-SNAPSHOT.jar:?]
	at com.ibm.quantumsafe.lang.driver.DriverBase.javaBuildRdfGraphModel(DriverBase.java:291) [quantum-safe-sca-tng-0.0.1-SNAPSHOT.jar:?]
	at com.ibm.quantumsafe.lang.driver.DriverBase.java(DriverBase.java:251) [quantum-safe-sca-tng-0.0.1-SNAPSHOT.jar:?]
	at com.ibm.quantumsafe.lang.driver.DriverBase.multiLanguageSelection(DriverBase.java:202) [quantum-safe-sca-tng-0.0.1-SNAPSHOT.jar:?]
	at com.ibm.quantumsafe.lang.driver.DriverBase.selectStep(DriverBase.java:170) [quantum-safe-sca-tng-0.0.1-SNAPSHOT.jar:?]
	at com.ibm.quantumsafe.lang.driver.DriverBase.processSingleSteps(DriverBase.java:156) [quantum-safe-sca-tng-0.0.1-SNAPSHOT.jar:?]
	at com.ibm.quantumsafe.lang.driver.DriverBase.execute1(DriverBase.java:132) [quantum-safe-sca-tng-0.0.1-SNAPSHOT.jar:?]
	at com.ibm.quantumsafe.lang.driver.DriverBase.execute(DriverBase.java:115) [quantum-safe-sca-tng-0.0.1-SNAPSHOT.jar:?]
	at com.ibm.quantumsafe.integrator.impl.IntegratorAPIImpl.lambda$execute$1(IntegratorAPIImpl.java:156) [quantum-safe-integration-0.0.1-SNAPSHOT.jar:?]
	at java.base/java.util.concurrent.FutureTask.run(FutureTask.java:328) [?:?]
	at java.base/java.util.concurrent.ThreadPoolExecutor.runWorker(ThreadPoolExecutor.java:1090) [?:?]
	at java.base/java.util.concurrent.ThreadPoolExecutor$Worker.run(ThreadPoolExecutor.java:614) [?:?]
	at java.base/java.lang.Thread.run(Thread.java:1474) [?:?]
[2026-01-22 12:55:49,902] [2-thread-2] [ERROR] [com.ibm.quantumsafe.sca.framework.common.JavaGenerateGraphModelImpl] - Failed to create a graph for /Users/I570104/Documents/SAP Signavio/PqcMigration/Repos/Abstracted-Crypto-Usage/src/tests_disabled/java/example/crypto/jwt/JwtExampleTest.java
java.lang.IllegalStateException: Error: cannot find the ClassInfo of example.crypto.jwt.JwtExampleTest
	at com.ibm.quantumsafe.sca.slicer.graph.ClassGraphBuilder.buildInheritedDataMembersGivenMyClassName(ClassGraphBuilder.java:508) ~[quantum-safe-sca-tng-0.0.1-SNAPSHOT.jar:?]
	at com.ibm.quantumsafe.sca.slicer.graph.ClassGraphBuilder.buildDataMembersAndEnums(ClassGraphBuilder.java:373) ~[quantum-safe-sca-tng-0.0.1-SNAPSHOT.jar:?]
	at com.ibm.quantumsafe.sca.slicer.graph.ClassGraphBuilder.buildOneClass(ClassGraphBuilder.java:260) ~[quantum-safe-sca-tng-0.0.1-SNAPSHOT.jar:?]
	at com.ibm.quantumsafe.sca.slicer.graph.GraphBuilder.buildGraphFromANTLR(GraphBuilder.java:145) ~[quantum-safe-sca-tng-0.0.1-SNAPSHOT.jar:?]
	at com.ibm.quantumsafe.sca.slicer.graph.GraphBuilder.createGraphFromInput(GraphBuilder.java:65) ~[quantum-safe-sca-tng-0.0.1-SNAPSHOT.jar:?]
	at com.ibm.quantumsafe.sca.slicer.AppData.createGraphForInputFile(AppData.java:140) ~[quantum-safe-sca-tng-0.0.1-SNAPSHOT.jar:?]
	at com.ibm.quantumsafe.sca.framework.common.JavaGenerateGraphModelImpl.execute(JavaGenerateGraphModelImpl.java:63) [quantum-safe-sca-tng-0.0.1-SNAPSHOT.jar:?]
	at com.ibm.quantumsafe.sca.framework.standalone.StandaloneTask.extracted(StandaloneTask.java:733) [quantum-safe-sca-tng-0.0.1-SNAPSHOT.jar:?]
	at com.ibm.quantumsafe.sca.framework.standalone.StandaloneTask.filterFileToBeProcessed2(StandaloneTask.java:699) [quantum-safe-sca-tng-0.0.1-SNAPSHOT.jar:?]
	at com.ibm.quantumsafe.sca.framework.standalone.StandaloneTask.filterFileToBeProcessed(StandaloneTask.java:663) [quantum-safe-sca-tng-0.0.1-SNAPSHOT.jar:?]
	at com.ibm.quantumsafe.sca.framework.standalone.StandaloneTask.runTask2b(StandaloneTask.java:606) [quantum-safe-sca-tng-0.0.1-SNAPSHOT.jar:?]
	at com.ibm.quantumsafe.sca.framework.standalone.StandaloneTask.runTask2a(StandaloneTask.java:373) [quantum-safe-sca-tng-0.0.1-SNAPSHOT.jar:?]
	at com.ibm.quantumsafe.sca.framework.standalone.StandaloneTask.runTask(StandaloneTask.java:220) [quantum-safe-sca-tng-0.0.1-SNAPSHOT.jar:?]
	at com.ibm.quantumsafe.sca.framework.standalone.StandaloneTask.runTaskLocal(StandaloneTask.java:1008) [quantum-safe-sca-tng-0.0.1-SNAPSHOT.jar:?]
	at com.ibm.quantumsafe.sca.framework.standalone.StandaloneTask.runTask2(StandaloneTask.java:894) [quantum-safe-sca-tng-0.0.1-SNAPSHOT.jar:?]
	at com.ibm.quantumsafe.sca.framework.standalone.StandaloneTask.runTask(StandaloneTask.java:855) [quantum-safe-sca-tng-0.0.1-SNAPSHOT.jar:?]
	at com.ibm.quantumsafe.lang.driver.DriverBase.javaBuildRdfGraphModel(DriverBase.java:291) [quantum-safe-sca-tng-0.0.1-SNAPSHOT.jar:?]
	at com.ibm.quantumsafe.lang.driver.DriverBase.java(DriverBase.java:251) [quantum-safe-sca-tng-0.0.1-SNAPSHOT.jar:?]
	at com.ibm.quantumsafe.lang.driver.DriverBase.multiLanguageSelection(DriverBase.java:202) [quantum-safe-sca-tng-0.0.1-SNAPSHOT.jar:?]
	at com.ibm.quantumsafe.lang.driver.DriverBase.selectStep(DriverBase.java:170) [quantum-safe-sca-tng-0.0.1-SNAPSHOT.jar:?]
	at com.ibm.quantumsafe.lang.driver.DriverBase.processSingleSteps(DriverBase.java:156) [quantum-safe-sca-tng-0.0.1-SNAPSHOT.jar:?]
	at com.ibm.quantumsafe.lang.driver.DriverBase.execute1(DriverBase.java:132) [quantum-safe-sca-tng-0.0.1-SNAPSHOT.jar:?]
	at com.ibm.quantumsafe.lang.driver.DriverBase.execute(DriverBase.java:115) [quantum-safe-sca-tng-0.0.1-SNAPSHOT.jar:?]
	at com.ibm.quantumsafe.integrator.impl.IntegratorAPIImpl.lambda$execute$1(IntegratorAPIImpl.java:156) [quantum-safe-integration-0.0.1-SNAPSHOT.jar:?]
	at java.base/java.util.concurrent.FutureTask.run(FutureTask.java:328) [?:?]
	at java.base/java.util.concurrent.ThreadPoolExecutor.runWorker(ThreadPoolExecutor.java:1090) [?:?]
	at java.base/java.util.concurrent.ThreadPoolExecutor$Worker.run(ThreadPoolExecutor.java:614) [?:?]
	at java.base/java.lang.Thread.run(Thread.java:1474) [?:?]
[2026-01-22 12:55:49,919] [2-thread-2] [ERROR] [com.ibm.quantumsafe.sca.framework.common.JavaGenerateGraphModelImpl] - Failed to create a graph for /Users/I570104/Documents/SAP Signavio/PqcMigration/Repos/Abstracted-Crypto-Usage/src/tests_disabled/java/example/crypto/keyderivation/Pbkdf2ExampleTest.java
java.lang.IllegalStateException: Error: cannot find the ClassInfo of example.crypto.keyderivation.Pbkdf2ExampleTest
	at com.ibm.quantumsafe.sca.slicer.graph.ClassGraphBuilder.buildInheritedDataMembersGivenMyClassName(ClassGraphBuilder.java:508) ~[quantum-safe-sca-tng-0.0.1-SNAPSHOT.jar:?]
	at com.ibm.quantumsafe.sca.slicer.graph.ClassGraphBuilder.buildDataMembersAndEnums(ClassGraphBuilder.java:373) ~[quantum-safe-sca-tng-0.0.1-SNAPSHOT.jar:?]
	at com.ibm.quantumsafe.sca.slicer.graph.ClassGraphBuilder.buildOneClass(ClassGraphBuilder.java:260) ~[quantum-safe-sca-tng-0.0.1-SNAPSHOT.jar:?]
	at com.ibm.quantumsafe.sca.slicer.graph.GraphBuilder.buildGraphFromANTLR(GraphBuilder.java:145) ~[quantum-safe-sca-tng-0.0.1-SNAPSHOT.jar:?]
	at com.ibm.quantumsafe.sca.slicer.graph.GraphBuilder.createGraphFromInput(GraphBuilder.java:65) ~[quantum-safe-sca-tng-0.0.1-SNAPSHOT.jar:?]
	at com.ibm.quantumsafe.sca.slicer.AppData.createGraphForInputFile(AppData.java:140) ~[quantum-safe-sca-tng-0.0.1-SNAPSHOT.jar:?]
	at com.ibm.quantumsafe.sca.framework.common.JavaGenerateGraphModelImpl.execute(JavaGenerateGraphModelImpl.java:63) [quantum-safe-sca-tng-0.0.1-SNAPSHOT.jar:?]
	at com.ibm.quantumsafe.sca.framework.standalone.StandaloneTask.extracted(StandaloneTask.java:733) [quantum-safe-sca-tng-0.0.1-SNAPSHOT.jar:?]
	at com.ibm.quantumsafe.sca.framework.standalone.StandaloneTask.filterFileToBeProcessed2(StandaloneTask.java:699) [quantum-safe-sca-tng-0.0.1-SNAPSHOT.jar:?]
	at com.ibm.quantumsafe.sca.framework.standalone.StandaloneTask.filterFileToBeProcessed(StandaloneTask.java:663) [quantum-safe-sca-tng-0.0.1-SNAPSHOT.jar:?]
	at com.ibm.quantumsafe.sca.framework.standalone.StandaloneTask.runTask2b(StandaloneTask.java:606) [quantum-safe-sca-tng-0.0.1-SNAPSHOT.jar:?]
	at com.ibm.quantumsafe.sca.framework.standalone.StandaloneTask.runTask2a(StandaloneTask.java:373) [quantum-safe-sca-tng-0.0.1-SNAPSHOT.jar:?]
	at com.ibm.quantumsafe.sca.framework.standalone.StandaloneTask.runTask(StandaloneTask.java:220) [quantum-safe-sca-tng-0.0.1-SNAPSHOT.jar:?]
	at com.ibm.quantumsafe.sca.framework.standalone.StandaloneTask.runTaskLocal(StandaloneTask.java:1008) [quantum-safe-sca-tng-0.0.1-SNAPSHOT.jar:?]
	at com.ibm.quantumsafe.sca.framework.standalone.StandaloneTask.runTask2(StandaloneTask.java:894) [quantum-safe-sca-tng-0.0.1-SNAPSHOT.jar:?]
	at com.ibm.quantumsafe.sca.framework.standalone.StandaloneTask.runTask(StandaloneTask.java:855) [quantum-safe-sca-tng-0.0.1-SNAPSHOT.jar:?]
	at com.ibm.quantumsafe.lang.driver.DriverBase.javaBuildRdfGraphModel(DriverBase.java:291) [quantum-safe-sca-tng-0.0.1-SNAPSHOT.jar:?]
	at com.ibm.quantumsafe.lang.driver.DriverBase.java(DriverBase.java:251) [quantum-safe-sca-tng-0.0.1-SNAPSHOT.jar:?]
	at com.ibm.quantumsafe.lang.driver.DriverBase.multiLanguageSelection(DriverBase.java:202) [quantum-safe-sca-tng-0.0.1-SNAPSHOT.jar:?]
	at com.ibm.quantumsafe.lang.driver.DriverBase.selectStep(DriverBase.java:170) [quantum-safe-sca-tng-0.0.1-SNAPSHOT.jar:?]
	at com.ibm.quantumsafe.lang.driver.DriverBase.processSingleSteps(DriverBase.java:156) [quantum-safe-sca-tng-0.0.1-SNAPSHOT.jar:?]
	at com.ibm.quantumsafe.lang.driver.DriverBase.execute1(DriverBase.java:132) [quantum-safe-sca-tng-0.0.1-SNAPSHOT.jar:?]
	at com.ibm.quantumsafe.lang.driver.DriverBase.execute(DriverBase.java:115) [quantum-safe-sca-tng-0.0.1-SNAPSHOT.jar:?]
	at com.ibm.quantumsafe.integrator.impl.IntegratorAPIImpl.lambda$execute$1(IntegratorAPIImpl.java:156) [quantum-safe-integration-0.0.1-SNAPSHOT.jar:?]
	at java.base/java.util.concurrent.FutureTask.run(FutureTask.java:328) [?:?]
	at java.base/java.util.concurrent.ThreadPoolExecutor.runWorker(ThreadPoolExecutor.java:1090) [?:?]
	at java.base/java.util.concurrent.ThreadPoolExecutor$Worker.run(ThreadPoolExecutor.java:614) [?:?]
	at java.base/java.lang.Thread.run(Thread.java:1474) [?:?]
[2026-01-22 12:55:49,926] [2-thread-2] [ERROR] [com.ibm.quantumsafe.sca.framework.common.JavaGenerateGraphModelImpl] - Failed to create a graph for /Users/I570104/Documents/SAP Signavio/PqcMigration/Repos/Abstracted-Crypto-Usage/src/tests_disabled/java/example/crypto/random/SecureRandomExampleTest.java
java.lang.IllegalStateException: Error: cannot find the ClassInfo of example.crypto.random.SecureRandomExampleTest
	at com.ibm.quantumsafe.sca.slicer.graph.ClassGraphBuilder.buildInheritedDataMembersGivenMyClassName(ClassGraphBuilder.java:508) ~[quantum-safe-sca-tng-0.0.1-SNAPSHOT.jar:?]
	at com.ibm.quantumsafe.sca.slicer.graph.ClassGraphBuilder.buildDataMembersAndEnums(ClassGraphBuilder.java:373) ~[quantum-safe-sca-tng-0.0.1-SNAPSHOT.jar:?]
	at com.ibm.quantumsafe.sca.slicer.graph.ClassGraphBuilder.buildOneClass(ClassGraphBuilder.java:260) ~[quantum-safe-sca-tng-0.0.1-SNAPSHOT.jar:?]
	at com.ibm.quantumsafe.sca.slicer.graph.GraphBuilder.buildGraphFromANTLR(GraphBuilder.java:145) ~[quantum-safe-sca-tng-0.0.1-SNAPSHOT.jar:?]
	at com.ibm.quantumsafe.sca.slicer.graph.GraphBuilder.createGraphFromInput(GraphBuilder.java:65) ~[quantum-safe-sca-tng-0.0.1-SNAPSHOT.jar:?]
	at com.ibm.quantumsafe.sca.slicer.AppData.createGraphForInputFile(AppData.java:140) ~[quantum-safe-sca-tng-0.0.1-SNAPSHOT.jar:?]
	at com.ibm.quantumsafe.sca.framework.common.JavaGenerateGraphModelImpl.execute(JavaGenerateGraphModelImpl.java:63) [quantum-safe-sca-tng-0.0.1-SNAPSHOT.jar:?]
	at com.ibm.quantumsafe.sca.framework.standalone.StandaloneTask.extracted(StandaloneTask.java:733) [quantum-safe-sca-tng-0.0.1-SNAPSHOT.jar:?]
	at com.ibm.quantumsafe.sca.framework.standalone.StandaloneTask.filterFileToBeProcessed2(StandaloneTask.java:699) [quantum-safe-sca-tng-0.0.1-SNAPSHOT.jar:?]
	at com.ibm.quantumsafe.sca.framework.standalone.StandaloneTask.filterFileToBeProcessed(StandaloneTask.java:663) [quantum-safe-sca-tng-0.0.1-SNAPSHOT.jar:?]
	at com.ibm.quantumsafe.sca.framework.standalone.StandaloneTask.runTask2b(StandaloneTask.java:606) [quantum-safe-sca-tng-0.0.1-SNAPSHOT.jar:?]
	at com.ibm.quantumsafe.sca.framework.standalone.StandaloneTask.runTask2a(StandaloneTask.java:373) [quantum-safe-sca-tng-0.0.1-SNAPSHOT.jar:?]
	at com.ibm.quantumsafe.sca.framework.standalone.StandaloneTask.runTask(StandaloneTask.java:220) [quantum-safe-sca-tng-0.0.1-SNAPSHOT.jar:?]
	at com.ibm.quantumsafe.sca.framework.standalone.StandaloneTask.runTaskLocal(StandaloneTask.java:1008) [quantum-safe-sca-tng-0.0.1-SNAPSHOT.jar:?]
	at com.ibm.quantumsafe.sca.framework.standalone.StandaloneTask.runTask2(StandaloneTask.java:894) [quantum-safe-sca-tng-0.0.1-SNAPSHOT.jar:?]
	at com.ibm.quantumsafe.sca.framework.standalone.StandaloneTask.runTask(StandaloneTask.java:855) [quantum-safe-sca-tng-0.0.1-SNAPSHOT.jar:?]
	at com.ibm.quantumsafe.lang.driver.DriverBase.javaBuildRdfGraphModel(DriverBase.java:291) [quantum-safe-sca-tng-0.0.1-SNAPSHOT.jar:?]
	at com.ibm.quantumsafe.lang.driver.DriverBase.java(DriverBase.java:251) [quantum-safe-sca-tng-0.0.1-SNAPSHOT.jar:?]
	at com.ibm.quantumsafe.lang.driver.DriverBase.multiLanguageSelection(DriverBase.java:202) [quantum-safe-sca-tng-0.0.1-SNAPSHOT.jar:?]
	at com.ibm.quantumsafe.lang.driver.DriverBase.selectStep(DriverBase.java:170) [quantum-safe-sca-tng-0.0.1-SNAPSHOT.jar:?]
	at com.ibm.quantumsafe.lang.driver.DriverBase.processSingleSteps(DriverBase.java:156) [quantum-safe-sca-tng-0.0.1-SNAPSHOT.jar:?]
	at com.ibm.quantumsafe.lang.driver.DriverBase.execute1(DriverBase.java:132) [quantum-safe-sca-tng-0.0.1-SNAPSHOT.jar:?]
	at com.ibm.quantumsafe.lang.driver.DriverBase.execute(DriverBase.java:115) [quantum-safe-sca-tng-0.0.1-SNAPSHOT.jar:?]
	at com.ibm.quantumsafe.integrator.impl.IntegratorAPIImpl.lambda$execute$1(IntegratorAPIImpl.java:156) [quantum-safe-integration-0.0.1-SNAPSHOT.jar:?]
	at java.base/java.util.concurrent.FutureTask.run(FutureTask.java:328) [?:?]
	at java.base/java.util.concurrent.ThreadPoolExecutor.runWorker(ThreadPoolExecutor.java:1090) [?:?]
	at java.base/java.util.concurrent.ThreadPoolExecutor$Worker.run(ThreadPoolExecutor.java:614) [?:?]
	at java.base/java.lang.Thread.run(Thread.java:1474) [?:?]
[2026-01-22 12:55:49,934] [2-thread-2] [ERROR] [com.ibm.quantumsafe.sca.framework.common.JavaGenerateGraphModelImpl] - Failed to create a graph for /Users/I570104/Documents/SAP Signavio/PqcMigration/Repos/Abstracted-Crypto-Usage/src/tests_disabled/java/example/crypto/signature/SignatureExampleTest.java
java.lang.IllegalStateException: Error: cannot find the ClassInfo of example.crypto.signature.SignatureExampleTest
	at com.ibm.quantumsafe.sca.slicer.graph.ClassGraphBuilder.buildInheritedDataMembersGivenMyClassName(ClassGraphBuilder.java:508) ~[quantum-safe-sca-tng-0.0.1-SNAPSHOT.jar:?]
	at com.ibm.quantumsafe.sca.slicer.graph.ClassGraphBuilder.buildDataMembersAndEnums(ClassGraphBuilder.java:373) ~[quantum-safe-sca-tng-0.0.1-SNAPSHOT.jar:?]
	at com.ibm.quantumsafe.sca.slicer.graph.ClassGraphBuilder.buildOneClass(ClassGraphBuilder.java:260) ~[quantum-safe-sca-tng-0.0.1-SNAPSHOT.jar:?]
	at com.ibm.quantumsafe.sca.slicer.graph.GraphBuilder.buildGraphFromANTLR(GraphBuilder.java:145) ~[quantum-safe-sca-tng-0.0.1-SNAPSHOT.jar:?]
	at com.ibm.quantumsafe.sca.slicer.graph.GraphBuilder.createGraphFromInput(GraphBuilder.java:65) ~[quantum-safe-sca-tng-0.0.1-SNAPSHOT.jar:?]
	at com.ibm.quantumsafe.sca.slicer.AppData.createGraphForInputFile(AppData.java:140) ~[quantum-safe-sca-tng-0.0.1-SNAPSHOT.jar:?]
	at com.ibm.quantumsafe.sca.framework.common.JavaGenerateGraphModelImpl.execute(JavaGenerateGraphModelImpl.java:63) [quantum-safe-sca-tng-0.0.1-SNAPSHOT.jar:?]
	at com.ibm.quantumsafe.sca.framework.standalone.StandaloneTask.extracted(StandaloneTask.java:733) [quantum-safe-sca-tng-0.0.1-SNAPSHOT.jar:?]
	at com.ibm.quantumsafe.sca.framework.standalone.StandaloneTask.filterFileToBeProcessed2(StandaloneTask.java:699) [quantum-safe-sca-tng-0.0.1-SNAPSHOT.jar:?]
	at com.ibm.quantumsafe.sca.framework.standalone.StandaloneTask.filterFileToBeProcessed(StandaloneTask.java:663) [quantum-safe-sca-tng-0.0.1-SNAPSHOT.jar:?]
	at com.ibm.quantumsafe.sca.framework.standalone.StandaloneTask.runTask2b(StandaloneTask.java:606) [quantum-safe-sca-tng-0.0.1-SNAPSHOT.jar:?]
	at com.ibm.quantumsafe.sca.framework.standalone.StandaloneTask.runTask2a(StandaloneTask.java:373) [quantum-safe-sca-tng-0.0.1-SNAPSHOT.jar:?]
	at com.ibm.quantumsafe.sca.framework.standalone.StandaloneTask.runTask(StandaloneTask.java:220) [quantum-safe-sca-tng-0.0.1-SNAPSHOT.jar:?]
	at com.ibm.quantumsafe.sca.framework.standalone.StandaloneTask.runTaskLocal(StandaloneTask.java:1008) [quantum-safe-sca-tng-0.0.1-SNAPSHOT.jar:?]
	at com.ibm.quantumsafe.sca.framework.standalone.StandaloneTask.runTask2(StandaloneTask.java:894) [quantum-safe-sca-tng-0.0.1-SNAPSHOT.jar:?]
	at com.ibm.quantumsafe.sca.framework.standalone.StandaloneTask.runTask(StandaloneTask.java:855) [quantum-safe-sca-tng-0.0.1-SNAPSHOT.jar:?]
	at com.ibm.quantumsafe.lang.driver.DriverBase.javaBuildRdfGraphModel(DriverBase.java:291) [quantum-safe-sca-tng-0.0.1-SNAPSHOT.jar:?]
	at com.ibm.quantumsafe.lang.driver.DriverBase.java(DriverBase.java:251) [quantum-safe-sca-tng-0.0.1-SNAPSHOT.jar:?]
	at com.ibm.quantumsafe.lang.driver.DriverBase.multiLanguageSelection(DriverBase.java:202) [quantum-safe-sca-tng-0.0.1-SNAPSHOT.jar:?]
	at com.ibm.quantumsafe.lang.driver.DriverBase.selectStep(DriverBase.java:170) [quantum-safe-sca-tng-0.0.1-SNAPSHOT.jar:?]
	at com.ibm.quantumsafe.lang.driver.DriverBase.processSingleSteps(DriverBase.java:156) [quantum-safe-sca-tng-0.0.1-SNAPSHOT.jar:?]
	at com.ibm.quantumsafe.lang.driver.DriverBase.execute1(DriverBase.java:132) [quantum-safe-sca-tng-0.0.1-SNAPSHOT.jar:?]
	at com.ibm.quantumsafe.lang.driver.DriverBase.execute(DriverBase.java:115) [quantum-safe-sca-tng-0.0.1-SNAPSHOT.jar:?]
	at com.ibm.quantumsafe.integrator.impl.IntegratorAPIImpl.lambda$execute$1(IntegratorAPIImpl.java:156) [quantum-safe-integration-0.0.1-SNAPSHOT.jar:?]
	at java.base/java.util.concurrent.FutureTask.run(FutureTask.java:328) [?:?]
	at java.base/java.util.concurrent.ThreadPoolExecutor.runWorker(ThreadPoolExecutor.java:1090) [?:?]
	at java.base/java.util.concurrent.ThreadPoolExecutor$Worker.run(ThreadPoolExecutor.java:614) [?:?]
	at java.base/java.lang.Thread.run(Thread.java:1474) [?:?]
[2026-01-22 12:55:49,949] [2-thread-2] [ERROR] [com.ibm.quantumsafe.sca.framework.common.JavaGenerateGraphModelImpl] - Failed to create a graph for /Users/I570104/Documents/SAP Signavio/PqcMigration/Repos/Abstracted-Crypto-Usage/src/tests_disabled/java/example/crypto/symmetric/AesEncryptionExampleTest.java
java.lang.IllegalStateException: Error: cannot find the ClassInfo of example.crypto.symmetric.AesEncryptionExampleTest
	at com.ibm.quantumsafe.sca.slicer.graph.ClassGraphBuilder.buildInheritedDataMembersGivenMyClassName(ClassGraphBuilder.java:508) ~[quantum-safe-sca-tng-0.0.1-SNAPSHOT.jar:?]
	at com.ibm.quantumsafe.sca.slicer.graph.ClassGraphBuilder.buildDataMembersAndEnums(ClassGraphBuilder.java:373) ~[quantum-safe-sca-tng-0.0.1-SNAPSHOT.jar:?]
	at com.ibm.quantumsafe.sca.slicer.graph.ClassGraphBuilder.buildOneClass(ClassGraphBuilder.java:260) ~[quantum-safe-sca-tng-0.0.1-SNAPSHOT.jar:?]
	at com.ibm.quantumsafe.sca.slicer.graph.GraphBuilder.buildGraphFromANTLR(GraphBuilder.java:145) ~[quantum-safe-sca-tng-0.0.1-SNAPSHOT.jar:?]
	at com.ibm.quantumsafe.sca.slicer.graph.GraphBuilder.createGraphFromInput(GraphBuilder.java:65) ~[quantum-safe-sca-tng-0.0.1-SNAPSHOT.jar:?]
	at com.ibm.quantumsafe.sca.slicer.AppData.createGraphForInputFile(AppData.java:140) ~[quantum-safe-sca-tng-0.0.1-SNAPSHOT.jar:?]
	at com.ibm.quantumsafe.sca.framework.common.JavaGenerateGraphModelImpl.execute(JavaGenerateGraphModelImpl.java:63) [quantum-safe-sca-tng-0.0.1-SNAPSHOT.jar:?]
	at com.ibm.quantumsafe.sca.framework.standalone.StandaloneTask.extracted(StandaloneTask.java:733) [quantum-safe-sca-tng-0.0.1-SNAPSHOT.jar:?]
	at com.ibm.quantumsafe.sca.framework.standalone.StandaloneTask.filterFileToBeProcessed2(StandaloneTask.java:699) [quantum-safe-sca-tng-0.0.1-SNAPSHOT.jar:?]
	at com.ibm.quantumsafe.sca.framework.standalone.StandaloneTask.filterFileToBeProcessed(StandaloneTask.java:663) [quantum-safe-sca-tng-0.0.1-SNAPSHOT.jar:?]
	at com.ibm.quantumsafe.sca.framework.standalone.StandaloneTask.runTask2b(StandaloneTask.java:606) [quantum-safe-sca-tng-0.0.1-SNAPSHOT.jar:?]
	at com.ibm.quantumsafe.sca.framework.standalone.StandaloneTask.runTask2a(StandaloneTask.java:373) [quantum-safe-sca-tng-0.0.1-SNAPSHOT.jar:?]
	at com.ibm.quantumsafe.sca.framework.standalone.StandaloneTask.runTask(StandaloneTask.java:220) [quantum-safe-sca-tng-0.0.1-SNAPSHOT.jar:?]
	at com.ibm.quantumsafe.sca.framework.standalone.StandaloneTask.runTaskLocal(StandaloneTask.java:1008) [quantum-safe-sca-tng-0.0.1-SNAPSHOT.jar:?]
	at com.ibm.quantumsafe.sca.framework.standalone.StandaloneTask.runTask2(StandaloneTask.java:894) [quantum-safe-sca-tng-0.0.1-SNAPSHOT.jar:?]
	at com.ibm.quantumsafe.sca.framework.standalone.StandaloneTask.runTask(StandaloneTask.java:855) [quantum-safe-sca-tng-0.0.1-SNAPSHOT.jar:?]
	at com.ibm.quantumsafe.lang.driver.DriverBase.javaBuildRdfGraphModel(DriverBase.java:291) [quantum-safe-sca-tng-0.0.1-SNAPSHOT.jar:?]
	at com.ibm.quantumsafe.lang.driver.DriverBase.java(DriverBase.java:251) [quantum-safe-sca-tng-0.0.1-SNAPSHOT.jar:?]
	at com.ibm.quantumsafe.lang.driver.DriverBase.multiLanguageSelection(DriverBase.java:202) [quantum-safe-sca-tng-0.0.1-SNAPSHOT.jar:?]
	at com.ibm.quantumsafe.lang.driver.DriverBase.selectStep(DriverBase.java:170) [quantum-safe-sca-tng-0.0.1-SNAPSHOT.jar:?]
	at com.ibm.quantumsafe.lang.driver.DriverBase.processSingleSteps(DriverBase.java:156) [quantum-safe-sca-tng-0.0.1-SNAPSHOT.jar:?]
	at com.ibm.quantumsafe.lang.driver.DriverBase.execute1(DriverBase.java:132) [quantum-safe-sca-tng-0.0.1-SNAPSHOT.jar:?]
	at com.ibm.quantumsafe.lang.driver.DriverBase.execute(DriverBase.java:115) [quantum-safe-sca-tng-0.0.1-SNAPSHOT.jar:?]
	at com.ibm.quantumsafe.integrator.impl.IntegratorAPIImpl.lambda$execute$1(IntegratorAPIImpl.java:156) [quantum-safe-integration-0.0.1-SNAPSHOT.jar:?]
	at java.base/java.util.concurrent.FutureTask.run(FutureTask.java:328) [?:?]
	at java.base/java.util.concurrent.ThreadPoolExecutor.runWorker(ThreadPoolExecutor.java:1090) [?:?]
	at java.base/java.util.concurrent.ThreadPoolExecutor$Worker.run(ThreadPoolExecutor.java:614) [?:?]
	at java.base/java.lang.Thread.run(Thread.java:1474) [?:?]
[2026-01-22 13:00:36,338] [2-thread-2] [ERROR] [com.ibm.quantumsafe.sca.framework.common.JavaGenerateGraphModelImpl] - Failed to create a graph for /Users/I570104/Documents/SAP Signavio/PqcMigration/Repos/Abstracted-Crypto-Usage/src/main/java/example/crypto/jwt/JwtExample.java
java.lang.IllegalStateException: Error: cannot find the ClassInfo of example.crypto.jwt.JwtExample
	at com.ibm.quantumsafe.sca.slicer.graph.ClassGraphBuilder.buildInheritedDataMembersGivenMyClassName(ClassGraphBuilder.java:508) ~[quantum-safe-sca-tng-0.0.1-SNAPSHOT.jar:?]
	at com.ibm.quantumsafe.sca.slicer.graph.ClassGraphBuilder.buildDataMembersAndEnums(ClassGraphBuilder.java:373) ~[quantum-safe-sca-tng-0.0.1-SNAPSHOT.jar:?]
	at com.ibm.quantumsafe.sca.slicer.graph.ClassGraphBuilder.buildOneClass(ClassGraphBuilder.java:260) ~[quantum-safe-sca-tng-0.0.1-SNAPSHOT.jar:?]
	at com.ibm.quantumsafe.sca.slicer.graph.GraphBuilder.buildGraphFromANTLR(GraphBuilder.java:145) ~[quantum-safe-sca-tng-0.0.1-SNAPSHOT.jar:?]
	at com.ibm.quantumsafe.sca.slicer.graph.GraphBuilder.createGraphFromInput(GraphBuilder.java:65) ~[quantum-safe-sca-tng-0.0.1-SNAPSHOT.jar:?]
	at com.ibm.quantumsafe.sca.slicer.AppData.createGraphForInputFile(AppData.java:140) ~[quantum-safe-sca-tng-0.0.1-SNAPSHOT.jar:?]
	at com.ibm.quantumsafe.sca.framework.common.JavaGenerateGraphModelImpl.execute(JavaGenerateGraphModelImpl.java:63) [quantum-safe-sca-tng-0.0.1-SNAPSHOT.jar:?]
	at com.ibm.quantumsafe.sca.framework.standalone.StandaloneTask.extracted(StandaloneTask.java:733) [quantum-safe-sca-tng-0.0.1-SNAPSHOT.jar:?]
	at com.ibm.quantumsafe.sca.framework.standalone.StandaloneTask.filterFileToBeProcessed2(StandaloneTask.java:699) [quantum-safe-sca-tng-0.0.1-SNAPSHOT.jar:?]
	at com.ibm.quantumsafe.sca.framework.standalone.StandaloneTask.filterFileToBeProcessed(StandaloneTask.java:663) [quantum-safe-sca-tng-0.0.1-SNAPSHOT.jar:?]
	at com.ibm.quantumsafe.sca.framework.standalone.StandaloneTask.runTask2b(StandaloneTask.java:606) [quantum-safe-sca-tng-0.0.1-SNAPSHOT.jar:?]
	at com.ibm.quantumsafe.sca.framework.standalone.StandaloneTask.runTask2a(StandaloneTask.java:373) [quantum-safe-sca-tng-0.0.1-SNAPSHOT.jar:?]
	at com.ibm.quantumsafe.sca.framework.standalone.StandaloneTask.runTask(StandaloneTask.java:220) [quantum-safe-sca-tng-0.0.1-SNAPSHOT.jar:?]
	at com.ibm.quantumsafe.sca.framework.standalone.StandaloneTask.runTaskLocal(StandaloneTask.java:1008) [quantum-safe-sca-tng-0.0.1-SNAPSHOT.jar:?]
	at com.ibm.quantumsafe.sca.framework.standalone.StandaloneTask.runTask2(StandaloneTask.java:894) [quantum-safe-sca-tng-0.0.1-SNAPSHOT.jar:?]
	at com.ibm.quantumsafe.sca.framework.standalone.StandaloneTask.runTask(StandaloneTask.java:855) [quantum-safe-sca-tng-0.0.1-SNAPSHOT.jar:?]
	at com.ibm.quantumsafe.lang.driver.DriverBase.javaBuildRdfGraphModel(DriverBase.java:291) [quantum-safe-sca-tng-0.0.1-SNAPSHOT.jar:?]
	at com.ibm.quantumsafe.lang.driver.DriverBase.java(DriverBase.java:251) [quantum-safe-sca-tng-0.0.1-SNAPSHOT.jar:?]
	at com.ibm.quantumsafe.lang.driver.DriverBase.multiLanguageSelection(DriverBase.java:202) [quantum-safe-sca-tng-0.0.1-SNAPSHOT.jar:?]
	at com.ibm.quantumsafe.lang.driver.DriverBase.selectStep(DriverBase.java:170) [quantum-safe-sca-tng-0.0.1-SNAPSHOT.jar:?]
	at com.ibm.quantumsafe.lang.driver.DriverBase.processSingleSteps(DriverBase.java:156) [quantum-safe-sca-tng-0.0.1-SNAPSHOT.jar:?]
	at com.ibm.quantumsafe.lang.driver.DriverBase.execute1(DriverBase.java:132) [quantum-safe-sca-tng-0.0.1-SNAPSHOT.jar:?]
	at com.ibm.quantumsafe.lang.driver.DriverBase.execute(DriverBase.java:115) [quantum-safe-sca-tng-0.0.1-SNAPSHOT.jar:?]
	at com.ibm.quantumsafe.integrator.impl.IntegratorAPIImpl.lambda$execute$1(IntegratorAPIImpl.java:156) [quantum-safe-integration-0.0.1-SNAPSHOT.jar:?]
	at java.base/java.util.concurrent.FutureTask.run(FutureTask.java:328) [?:?]
	at java.base/java.util.concurrent.ThreadPoolExecutor.runWorker(ThreadPoolExecutor.java:1090) [?:?]
	at java.base/java.util.concurrent.ThreadPoolExecutor$Worker.run(ThreadPoolExecutor.java:614) [?:?]
	at java.base/java.lang.Thread.run(Thread.java:1474) [?:?]
[2026-01-22 13:00:36,502] [2-thread-2] [ERROR] [com.ibm.quantumsafe.sca.framework.common.JavaGenerateGraphModelImpl] - Failed to create a graph for /Users/I570104/Documents/SAP Signavio/PqcMigration/Repos/Abstracted-Crypto-Usage/src/tests_disabled/java/example/crypto/asymmetric/RsaCryptoExampleTest.java
java.lang.IllegalStateException: Error: cannot find the ClassInfo of example.crypto.asymmetric.RsaCryptoExampleTest
	at com.ibm.quantumsafe.sca.slicer.graph.ClassGraphBuilder.buildInheritedDataMembersGivenMyClassName(ClassGraphBuilder.java:508) ~[quantum-safe-sca-tng-0.0.1-SNAPSHOT.jar:?]
	at com.ibm.quantumsafe.sca.slicer.graph.ClassGraphBuilder.buildDataMembersAndEnums(ClassGraphBuilder.java:373) ~[quantum-safe-sca-tng-0.0.1-SNAPSHOT.jar:?]
	at com.ibm.quantumsafe.sca.slicer.graph.ClassGraphBuilder.buildOneClass(ClassGraphBuilder.java:260) ~[quantum-safe-sca-tng-0.0.1-SNAPSHOT.jar:?]
	at com.ibm.quantumsafe.sca.slicer.graph.GraphBuilder.buildGraphFromANTLR(GraphBuilder.java:145) ~[quantum-safe-sca-tng-0.0.1-SNAPSHOT.jar:?]
	at com.ibm.quantumsafe.sca.slicer.graph.GraphBuilder.createGraphFromInput(GraphBuilder.java:65) ~[quantum-safe-sca-tng-0.0.1-SNAPSHOT.jar:?]
	at com.ibm.quantumsafe.sca.slicer.AppData.createGraphForInputFile(AppData.java:140) ~[quantum-safe-sca-tng-0.0.1-SNAPSHOT.jar:?]
	at com.ibm.quantumsafe.sca.framework.common.JavaGenerateGraphModelImpl.execute(JavaGenerateGraphModelImpl.java:63) [quantum-safe-sca-tng-0.0.1-SNAPSHOT.jar:?]
	at com.ibm.quantumsafe.sca.framework.standalone.StandaloneTask.extracted(StandaloneTask.java:733) [quantum-safe-sca-tng-0.0.1-SNAPSHOT.jar:?]
	at com.ibm.quantumsafe.sca.framework.standalone.StandaloneTask.filterFileToBeProcessed2(StandaloneTask.java:699) [quantum-safe-sca-tng-0.0.1-SNAPSHOT.jar:?]
	at com.ibm.quantumsafe.sca.framework.standalone.StandaloneTask.filterFileToBeProcessed(StandaloneTask.java:663) [quantum-safe-sca-tng-0.0.1-SNAPSHOT.jar:?]
	at com.ibm.quantumsafe.sca.framework.standalone.StandaloneTask.runTask2b(StandaloneTask.java:606) [quantum-safe-sca-tng-0.0.1-SNAPSHOT.jar:?]
	at com.ibm.quantumsafe.sca.framework.standalone.StandaloneTask.runTask2a(StandaloneTask.java:373) [quantum-safe-sca-tng-0.0.1-SNAPSHOT.jar:?]
	at com.ibm.quantumsafe.sca.framework.standalone.StandaloneTask.runTask(StandaloneTask.java:220) [quantum-safe-sca-tng-0.0.1-SNAPSHOT.jar:?]
	at com.ibm.quantumsafe.sca.framework.standalone.StandaloneTask.runTaskLocal(StandaloneTask.java:1008) [quantum-safe-sca-tng-0.0.1-SNAPSHOT.jar:?]
	at com.ibm.quantumsafe.sca.framework.standalone.StandaloneTask.runTask2(StandaloneTask.java:894) [quantum-safe-sca-tng-0.0.1-SNAPSHOT.jar:?]
	at com.ibm.quantumsafe.sca.framework.standalone.StandaloneTask.runTask(StandaloneTask.java:855) [quantum-safe-sca-tng-0.0.1-SNAPSHOT.jar:?]
	at com.ibm.quantumsafe.lang.driver.DriverBase.javaBuildRdfGraphModel(DriverBase.java:291) [quantum-safe-sca-tng-0.0.1-SNAPSHOT.jar:?]
	at com.ibm.quantumsafe.lang.driver.DriverBase.java(DriverBase.java:251) [quantum-safe-sca-tng-0.0.1-SNAPSHOT.jar:?]
	at com.ibm.quantumsafe.lang.driver.DriverBase.multiLanguageSelection(DriverBase.java:202) [quantum-safe-sca-tng-0.0.1-SNAPSHOT.jar:?]
	at com.ibm.quantumsafe.lang.driver.DriverBase.selectStep(DriverBase.java:170) [quantum-safe-sca-tng-0.0.1-SNAPSHOT.jar:?]
	at com.ibm.quantumsafe.lang.driver.DriverBase.processSingleSteps(DriverBase.java:156) [quantum-safe-sca-tng-0.0.1-SNAPSHOT.jar:?]
	at com.ibm.quantumsafe.lang.driver.DriverBase.execute1(DriverBase.java:132) [quantum-safe-sca-tng-0.0.1-SNAPSHOT.jar:?]
	at com.ibm.quantumsafe.lang.driver.DriverBase.execute(DriverBase.java:115) [quantum-safe-sca-tng-0.0.1-SNAPSHOT.jar:?]
	at com.ibm.quantumsafe.integrator.impl.IntegratorAPIImpl.lambda$execute$1(IntegratorAPIImpl.java:156) [quantum-safe-integration-0.0.1-SNAPSHOT.jar:?]
	at java.base/java.util.concurrent.FutureTask.run(FutureTask.java:328) [?:?]
	at java.base/java.util.concurrent.ThreadPoolExecutor.runWorker(ThreadPoolExecutor.java:1090) [?:?]
	at java.base/java.util.concurrent.ThreadPoolExecutor$Worker.run(ThreadPoolExecutor.java:614) [?:?]
	at java.base/java.lang.Thread.run(Thread.java:1474) [?:?]
[2026-01-22 13:00:36,514] [2-thread-2] [ERROR] [com.ibm.quantumsafe.sca.framework.common.JavaGenerateGraphModelImpl] - Failed to create a graph for /Users/I570104/Documents/SAP Signavio/PqcMigration/Repos/Abstracted-Crypto-Usage/src/tests_disabled/java/example/crypto/hash/HashExamplesTest.java
java.lang.IllegalStateException: Error: cannot find the ClassInfo of example.crypto.hash.HashExamplesTest
	at com.ibm.quantumsafe.sca.slicer.graph.ClassGraphBuilder.buildInheritedDataMembersGivenMyClassName(ClassGraphBuilder.java:508) ~[quantum-safe-sca-tng-0.0.1-SNAPSHOT.jar:?]
	at com.ibm.quantumsafe.sca.slicer.graph.ClassGraphBuilder.buildDataMembersAndEnums(ClassGraphBuilder.java:373) ~[quantum-safe-sca-tng-0.0.1-SNAPSHOT.jar:?]
	at com.ibm.quantumsafe.sca.slicer.graph.ClassGraphBuilder.buildOneClass(ClassGraphBuilder.java:260) ~[quantum-safe-sca-tng-0.0.1-SNAPSHOT.jar:?]
	at com.ibm.quantumsafe.sca.slicer.graph.GraphBuilder.buildGraphFromANTLR(GraphBuilder.java:145) ~[quantum-safe-sca-tng-0.0.1-SNAPSHOT.jar:?]
	at com.ibm.quantumsafe.sca.slicer.graph.GraphBuilder.createGraphFromInput(GraphBuilder.java:65) ~[quantum-safe-sca-tng-0.0.1-SNAPSHOT.jar:?]
	at com.ibm.quantumsafe.sca.slicer.AppData.createGraphForInputFile(AppData.java:140) ~[quantum-safe-sca-tng-0.0.1-SNAPSHOT.jar:?]
	at com.ibm.quantumsafe.sca.framework.common.JavaGenerateGraphModelImpl.execute(JavaGenerateGraphModelImpl.java:63) [quantum-safe-sca-tng-0.0.1-SNAPSHOT.jar:?]
	at com.ibm.quantumsafe.sca.framework.standalone.StandaloneTask.extracted(StandaloneTask.java:733) [quantum-safe-sca-tng-0.0.1-SNAPSHOT.jar:?]
	at com.ibm.quantumsafe.sca.framework.standalone.StandaloneTask.filterFileToBeProcessed2(StandaloneTask.java:699) [quantum-safe-sca-tng-0.0.1-SNAPSHOT.jar:?]
	at com.ibm.quantumsafe.sca.framework.standalone.StandaloneTask.filterFileToBeProcessed(StandaloneTask.java:663) [quantum-safe-sca-tng-0.0.1-SNAPSHOT.jar:?]
	at com.ibm.quantumsafe.sca.framework.standalone.StandaloneTask.runTask2b(StandaloneTask.java:606) [quantum-safe-sca-tng-0.0.1-SNAPSHOT.jar:?]
	at com.ibm.quantumsafe.sca.framework.standalone.StandaloneTask.runTask2a(StandaloneTask.java:373) [quantum-safe-sca-tng-0.0.1-SNAPSHOT.jar:?]
	at com.ibm.quantumsafe.sca.framework.standalone.StandaloneTask.runTask(StandaloneTask.java:220) [quantum-safe-sca-tng-0.0.1-SNAPSHOT.jar:?]
	at com.ibm.quantumsafe.sca.framework.standalone.StandaloneTask.runTaskLocal(StandaloneTask.java:1008) [quantum-safe-sca-tng-0.0.1-SNAPSHOT.jar:?]
	at com.ibm.quantumsafe.sca.framework.standalone.StandaloneTask.runTask2(StandaloneTask.java:894) [quantum-safe-sca-tng-0.0.1-SNAPSHOT.jar:?]
	at com.ibm.quantumsafe.sca.framework.standalone.StandaloneTask.runTask(StandaloneTask.java:855) [quantum-safe-sca-tng-0.0.1-SNAPSHOT.jar:?]
	at com.ibm.quantumsafe.lang.driver.DriverBase.javaBuildRdfGraphModel(DriverBase.java:291) [quantum-safe-sca-tng-0.0.1-SNAPSHOT.jar:?]
	at com.ibm.quantumsafe.lang.driver.DriverBase.java(DriverBase.java:251) [quantum-safe-sca-tng-0.0.1-SNAPSHOT.jar:?]
	at com.ibm.quantumsafe.lang.driver.DriverBase.multiLanguageSelection(DriverBase.java:202) [quantum-safe-sca-tng-0.0.1-SNAPSHOT.jar:?]
	at com.ibm.quantumsafe.lang.driver.DriverBase.selectStep(DriverBase.java:170) [quantum-safe-sca-tng-0.0.1-SNAPSHOT.jar:?]
	at com.ibm.quantumsafe.lang.driver.DriverBase.processSingleSteps(DriverBase.java:156) [quantum-safe-sca-tng-0.0.1-SNAPSHOT.jar:?]
	at com.ibm.quantumsafe.lang.driver.DriverBase.execute1(DriverBase.java:132) [quantum-safe-sca-tng-0.0.1-SNAPSHOT.jar:?]
	at com.ibm.quantumsafe.lang.driver.DriverBase.execute(DriverBase.java:115) [quantum-safe-sca-tng-0.0.1-SNAPSHOT.jar:?]
	at com.ibm.quantumsafe.integrator.impl.IntegratorAPIImpl.lambda$execute$1(IntegratorAPIImpl.java:156) [quantum-safe-integration-0.0.1-SNAPSHOT.jar:?]
	at java.base/java.util.concurrent.FutureTask.run(FutureTask.java:328) [?:?]
	at java.base/java.util.concurrent.ThreadPoolExecutor.runWorker(ThreadPoolExecutor.java:1090) [?:?]
	at java.base/java.util.concurrent.ThreadPoolExecutor$Worker.run(ThreadPoolExecutor.java:614) [?:?]
	at java.base/java.lang.Thread.run(Thread.java:1474) [?:?]
[2026-01-22 13:00:36,528] [2-thread-2] [ERROR] [com.ibm.quantumsafe.sca.framework.common.JavaGenerateGraphModelImpl] - Failed to create a graph for /Users/I570104/Documents/SAP Signavio/PqcMigration/Repos/Abstracted-Crypto-Usage/src/tests_disabled/java/example/crypto/jwt/JwtExampleTest.java
java.lang.IllegalStateException: Error: cannot find the ClassInfo of example.crypto.jwt.JwtExampleTest
	at com.ibm.quantumsafe.sca.slicer.graph.ClassGraphBuilder.buildInheritedDataMembersGivenMyClassName(ClassGraphBuilder.java:508) ~[quantum-safe-sca-tng-0.0.1-SNAPSHOT.jar:?]
	at com.ibm.quantumsafe.sca.slicer.graph.ClassGraphBuilder.buildDataMembersAndEnums(ClassGraphBuilder.java:373) ~[quantum-safe-sca-tng-0.0.1-SNAPSHOT.jar:?]
	at com.ibm.quantumsafe.sca.slicer.graph.ClassGraphBuilder.buildOneClass(ClassGraphBuilder.java:260) ~[quantum-safe-sca-tng-0.0.1-SNAPSHOT.jar:?]
	at com.ibm.quantumsafe.sca.slicer.graph.GraphBuilder.buildGraphFromANTLR(GraphBuilder.java:145) ~[quantum-safe-sca-tng-0.0.1-SNAPSHOT.jar:?]
	at com.ibm.quantumsafe.sca.slicer.graph.GraphBuilder.createGraphFromInput(GraphBuilder.java:65) ~[quantum-safe-sca-tng-0.0.1-SNAPSHOT.jar:?]
	at com.ibm.quantumsafe.sca.slicer.AppData.createGraphForInputFile(AppData.java:140) ~[quantum-safe-sca-tng-0.0.1-SNAPSHOT.jar:?]
	at com.ibm.quantumsafe.sca.framework.common.JavaGenerateGraphModelImpl.execute(JavaGenerateGraphModelImpl.java:63) [quantum-safe-sca-tng-0.0.1-SNAPSHOT.jar:?]
	at com.ibm.quantumsafe.sca.framework.standalone.StandaloneTask.extracted(StandaloneTask.java:733) [quantum-safe-sca-tng-0.0.1-SNAPSHOT.jar:?]
	at com.ibm.quantumsafe.sca.framework.standalone.StandaloneTask.filterFileToBeProcessed2(StandaloneTask.java:699) [quantum-safe-sca-tng-0.0.1-SNAPSHOT.jar:?]
	at com.ibm.quantumsafe.sca.framework.standalone.StandaloneTask.filterFileToBeProcessed(StandaloneTask.java:663) [quantum-safe-sca-tng-0.0.1-SNAPSHOT.jar:?]
	at com.ibm.quantumsafe.sca.framework.standalone.StandaloneTask.runTask2b(StandaloneTask.java:606) [quantum-safe-sca-tng-0.0.1-SNAPSHOT.jar:?]
	at com.ibm.quantumsafe.sca.framework.standalone.StandaloneTask.runTask2a(StandaloneTask.java:373) [quantum-safe-sca-tng-0.0.1-SNAPSHOT.jar:?]
	at com.ibm.quantumsafe.sca.framework.standalone.StandaloneTask.runTask(StandaloneTask.java:220) [quantum-safe-sca-tng-0.0.1-SNAPSHOT.jar:?]
	at com.ibm.quantumsafe.sca.framework.standalone.StandaloneTask.runTaskLocal(StandaloneTask.java:1008) [quantum-safe-sca-tng-0.0.1-SNAPSHOT.jar:?]
	at com.ibm.quantumsafe.sca.framework.standalone.StandaloneTask.runTask2(StandaloneTask.java:894) [quantum-safe-sca-tng-0.0.1-SNAPSHOT.jar:?]
	at com.ibm.quantumsafe.sca.framework.standalone.StandaloneTask.runTask(StandaloneTask.java:855) [quantum-safe-sca-tng-0.0.1-SNAPSHOT.jar:?]
	at com.ibm.quantumsafe.lang.driver.DriverBase.javaBuildRdfGraphModel(DriverBase.java:291) [quantum-safe-sca-tng-0.0.1-SNAPSHOT.jar:?]
	at com.ibm.quantumsafe.lang.driver.DriverBase.java(DriverBase.java:251) [quantum-safe-sca-tng-0.0.1-SNAPSHOT.jar:?]
	at com.ibm.quantumsafe.lang.driver.DriverBase.multiLanguageSelection(DriverBase.java:202) [quantum-safe-sca-tng-0.0.1-SNAPSHOT.jar:?]
	at com.ibm.quantumsafe.lang.driver.DriverBase.selectStep(DriverBase.java:170) [quantum-safe-sca-tng-0.0.1-SNAPSHOT.jar:?]
	at com.ibm.quantumsafe.lang.driver.DriverBase.processSingleSteps(DriverBase.java:156) [quantum-safe-sca-tng-0.0.1-SNAPSHOT.jar:?]
	at com.ibm.quantumsafe.lang.driver.DriverBase.execute1(DriverBase.java:132) [quantum-safe-sca-tng-0.0.1-SNAPSHOT.jar:?]
	at com.ibm.quantumsafe.lang.driver.DriverBase.execute(DriverBase.java:115) [quantum-safe-sca-tng-0.0.1-SNAPSHOT.jar:?]
	at com.ibm.quantumsafe.integrator.impl.IntegratorAPIImpl.lambda$execute$1(IntegratorAPIImpl.java:156) [quantum-safe-integration-0.0.1-SNAPSHOT.jar:?]
	at java.base/java.util.concurrent.FutureTask.run(FutureTask.java:328) [?:?]
	at java.base/java.util.concurrent.ThreadPoolExecutor.runWorker(ThreadPoolExecutor.java:1090) [?:?]
	at java.base/java.util.concurrent.ThreadPoolExecutor$Worker.run(ThreadPoolExecutor.java:614) [?:?]
	at java.base/java.lang.Thread.run(Thread.java:1474) [?:?]
[2026-01-22 13:00:36,546] [2-thread-2] [ERROR] [com.ibm.quantumsafe.sca.framework.common.JavaGenerateGraphModelImpl] - Failed to create a graph for /Users/I570104/Documents/SAP Signavio/PqcMigration/Repos/Abstracted-Crypto-Usage/src/tests_disabled/java/example/crypto/keyderivation/Pbkdf2ExampleTest.java
java.lang.IllegalStateException: Error: cannot find the ClassInfo of example.crypto.keyderivation.Pbkdf2ExampleTest
	at com.ibm.quantumsafe.sca.slicer.graph.ClassGraphBuilder.buildInheritedDataMembersGivenMyClassName(ClassGraphBuilder.java:508) ~[quantum-safe-sca-tng-0.0.1-SNAPSHOT.jar:?]
	at com.ibm.quantumsafe.sca.slicer.graph.ClassGraphBuilder.buildDataMembersAndEnums(ClassGraphBuilder.java:373) ~[quantum-safe-sca-tng-0.0.1-SNAPSHOT.jar:?]
	at com.ibm.quantumsafe.sca.slicer.graph.ClassGraphBuilder.buildOneClass(ClassGraphBuilder.java:260) ~[quantum-safe-sca-tng-0.0.1-SNAPSHOT.jar:?]
	at com.ibm.quantumsafe.sca.slicer.graph.GraphBuilder.buildGraphFromANTLR(GraphBuilder.java:145) ~[quantum-safe-sca-tng-0.0.1-SNAPSHOT.jar:?]
	at com.ibm.quantumsafe.sca.slicer.graph.GraphBuilder.createGraphFromInput(GraphBuilder.java:65) ~[quantum-safe-sca-tng-0.0.1-SNAPSHOT.jar:?]
	at com.ibm.quantumsafe.sca.slicer.AppData.createGraphForInputFile(AppData.java:140) ~[quantum-safe-sca-tng-0.0.1-SNAPSHOT.jar:?]
	at com.ibm.quantumsafe.sca.framework.common.JavaGenerateGraphModelImpl.execute(JavaGenerateGraphModelImpl.java:63) [quantum-safe-sca-tng-0.0.1-SNAPSHOT.jar:?]
	at com.ibm.quantumsafe.sca.framework.standalone.StandaloneTask.extracted(StandaloneTask.java:733) [quantum-safe-sca-tng-0.0.1-SNAPSHOT.jar:?]
	at com.ibm.quantumsafe.sca.framework.standalone.StandaloneTask.filterFileToBeProcessed2(StandaloneTask.java:699) [quantum-safe-sca-tng-0.0.1-SNAPSHOT.jar:?]
	at com.ibm.quantumsafe.sca.framework.standalone.StandaloneTask.filterFileToBeProcessed(StandaloneTask.java:663) [quantum-safe-sca-tng-0.0.1-SNAPSHOT.jar:?]
	at com.ibm.quantumsafe.sca.framework.standalone.StandaloneTask.runTask2b(StandaloneTask.java:606) [quantum-safe-sca-tng-0.0.1-SNAPSHOT.jar:?]
	at com.ibm.quantumsafe.sca.framework.standalone.StandaloneTask.runTask2a(StandaloneTask.java:373) [quantum-safe-sca-tng-0.0.1-SNAPSHOT.jar:?]
	at com.ibm.quantumsafe.sca.framework.standalone.StandaloneTask.runTask(StandaloneTask.java:220) [quantum-safe-sca-tng-0.0.1-SNAPSHOT.jar:?]
	at com.ibm.quantumsafe.sca.framework.standalone.StandaloneTask.runTaskLocal(StandaloneTask.java:1008) [quantum-safe-sca-tng-0.0.1-SNAPSHOT.jar:?]
	at com.ibm.quantumsafe.sca.framework.standalone.StandaloneTask.runTask2(StandaloneTask.java:894) [quantum-safe-sca-tng-0.0.1-SNAPSHOT.jar:?]
	at com.ibm.quantumsafe.sca.framework.standalone.StandaloneTask.runTask(StandaloneTask.java:855) [quantum-safe-sca-tng-0.0.1-SNAPSHOT.jar:?]
	at com.ibm.quantumsafe.lang.driver.DriverBase.javaBuildRdfGraphModel(DriverBase.java:291) [quantum-safe-sca-tng-0.0.1-SNAPSHOT.jar:?]
	at com.ibm.quantumsafe.lang.driver.DriverBase.java(DriverBase.java:251) [quantum-safe-sca-tng-0.0.1-SNAPSHOT.jar:?]
	at com.ibm.quantumsafe.lang.driver.DriverBase.multiLanguageSelection(DriverBase.java:202) [quantum-safe-sca-tng-0.0.1-SNAPSHOT.jar:?]
	at com.ibm.quantumsafe.lang.driver.DriverBase.selectStep(DriverBase.java:170) [quantum-safe-sca-tng-0.0.1-SNAPSHOT.jar:?]
	at com.ibm.quantumsafe.lang.driver.DriverBase.processSingleSteps(DriverBase.java:156) [quantum-safe-sca-tng-0.0.1-SNAPSHOT.jar:?]
	at com.ibm.quantumsafe.lang.driver.DriverBase.execute1(DriverBase.java:132) [quantum-safe-sca-tng-0.0.1-SNAPSHOT.jar:?]
	at com.ibm.quantumsafe.lang.driver.DriverBase.execute(DriverBase.java:115) [quantum-safe-sca-tng-0.0.1-SNAPSHOT.jar:?]
	at com.ibm.quantumsafe.integrator.impl.IntegratorAPIImpl.lambda$execute$1(IntegratorAPIImpl.java:156) [quantum-safe-integration-0.0.1-SNAPSHOT.jar:?]
	at java.base/java.util.concurrent.FutureTask.run(FutureTask.java:328) [?:?]
	at java.base/java.util.concurrent.ThreadPoolExecutor.runWorker(ThreadPoolExecutor.java:1090) [?:?]
	at java.base/java.util.concurrent.ThreadPoolExecutor$Worker.run(ThreadPoolExecutor.java:614) [?:?]
	at java.base/java.lang.Thread.run(Thread.java:1474) [?:?]
[2026-01-22 13:00:36,553] [2-thread-2] [ERROR] [com.ibm.quantumsafe.sca.framework.common.JavaGenerateGraphModelImpl] - Failed to create a graph for /Users/I570104/Documents/SAP Signavio/PqcMigration/Repos/Abstracted-Crypto-Usage/src/tests_disabled/java/example/crypto/random/SecureRandomExampleTest.java
java.lang.IllegalStateException: Error: cannot find the ClassInfo of example.crypto.random.SecureRandomExampleTest
	at com.ibm.quantumsafe.sca.slicer.graph.ClassGraphBuilder.buildInheritedDataMembersGivenMyClassName(ClassGraphBuilder.java:508) ~[quantum-safe-sca-tng-0.0.1-SNAPSHOT.jar:?]
	at com.ibm.quantumsafe.sca.slicer.graph.ClassGraphBuilder.buildDataMembersAndEnums(ClassGraphBuilder.java:373) ~[quantum-safe-sca-tng-0.0.1-SNAPSHOT.jar:?]
	at com.ibm.quantumsafe.sca.slicer.graph.ClassGraphBuilder.buildOneClass(ClassGraphBuilder.java:260) ~[quantum-safe-sca-tng-0.0.1-SNAPSHOT.jar:?]
	at com.ibm.quantumsafe.sca.slicer.graph.GraphBuilder.buildGraphFromANTLR(GraphBuilder.java:145) ~[quantum-safe-sca-tng-0.0.1-SNAPSHOT.jar:?]
	at com.ibm.quantumsafe.sca.slicer.graph.GraphBuilder.createGraphFromInput(GraphBuilder.java:65) ~[quantum-safe-sca-tng-0.0.1-SNAPSHOT.jar:?]
	at com.ibm.quantumsafe.sca.slicer.AppData.createGraphForInputFile(AppData.java:140) ~[quantum-safe-sca-tng-0.0.1-SNAPSHOT.jar:?]
	at com.ibm.quantumsafe.sca.framework.common.JavaGenerateGraphModelImpl.execute(JavaGenerateGraphModelImpl.java:63) [quantum-safe-sca-tng-0.0.1-SNAPSHOT.jar:?]
	at com.ibm.quantumsafe.sca.framework.standalone.StandaloneTask.extracted(StandaloneTask.java:733) [quantum-safe-sca-tng-0.0.1-SNAPSHOT.jar:?]
	at com.ibm.quantumsafe.sca.framework.standalone.StandaloneTask.filterFileToBeProcessed2(StandaloneTask.java:699) [quantum-safe-sca-tng-0.0.1-SNAPSHOT.jar:?]
	at com.ibm.quantumsafe.sca.framework.standalone.StandaloneTask.filterFileToBeProcessed(StandaloneTask.java:663) [quantum-safe-sca-tng-0.0.1-SNAPSHOT.jar:?]
	at com.ibm.quantumsafe.sca.framework.standalone.StandaloneTask.runTask2b(StandaloneTask.java:606) [quantum-safe-sca-tng-0.0.1-SNAPSHOT.jar:?]
	at com.ibm.quantumsafe.sca.framework.standalone.StandaloneTask.runTask2a(StandaloneTask.java:373) [quantum-safe-sca-tng-0.0.1-SNAPSHOT.jar:?]
	at com.ibm.quantumsafe.sca.framework.standalone.StandaloneTask.runTask(StandaloneTask.java:220) [quantum-safe-sca-tng-0.0.1-SNAPSHOT.jar:?]
	at com.ibm.quantumsafe.sca.framework.standalone.StandaloneTask.runTaskLocal(StandaloneTask.java:1008) [quantum-safe-sca-tng-0.0.1-SNAPSHOT.jar:?]
	at com.ibm.quantumsafe.sca.framework.standalone.StandaloneTask.runTask2(StandaloneTask.java:894) [quantum-safe-sca-tng-0.0.1-SNAPSHOT.jar:?]
	at com.ibm.quantumsafe.sca.framework.standalone.StandaloneTask.runTask(StandaloneTask.java:855) [quantum-safe-sca-tng-0.0.1-SNAPSHOT.jar:?]
	at com.ibm.quantumsafe.lang.driver.DriverBase.javaBuildRdfGraphModel(DriverBase.java:291) [quantum-safe-sca-tng-0.0.1-SNAPSHOT.jar:?]
	at com.ibm.quantumsafe.lang.driver.DriverBase.java(DriverBase.java:251) [quantum-safe-sca-tng-0.0.1-SNAPSHOT.jar:?]
	at com.ibm.quantumsafe.lang.driver.DriverBase.multiLanguageSelection(DriverBase.java:202) [quantum-safe-sca-tng-0.0.1-SNAPSHOT.jar:?]
	at com.ibm.quantumsafe.lang.driver.DriverBase.selectStep(DriverBase.java:170) [quantum-safe-sca-tng-0.0.1-SNAPSHOT.jar:?]
	at com.ibm.quantumsafe.lang.driver.DriverBase.processSingleSteps(DriverBase.java:156) [quantum-safe-sca-tng-0.0.1-SNAPSHOT.jar:?]
	at com.ibm.quantumsafe.lang.driver.DriverBase.execute1(DriverBase.java:132) [quantum-safe-sca-tng-0.0.1-SNAPSHOT.jar:?]
	at com.ibm.quantumsafe.lang.driver.DriverBase.execute(DriverBase.java:115) [quantum-safe-sca-tng-0.0.1-SNAPSHOT.jar:?]
	at com.ibm.quantumsafe.integrator.impl.IntegratorAPIImpl.lambda$execute$1(IntegratorAPIImpl.java:156) [quantum-safe-integration-0.0.1-SNAPSHOT.jar:?]
	at java.base/java.util.concurrent.FutureTask.run(FutureTask.java:328) [?:?]
	at java.base/java.util.concurrent.ThreadPoolExecutor.runWorker(ThreadPoolExecutor.java:1090) [?:?]
	at java.base/java.util.concurrent.ThreadPoolExecutor$Worker.run(ThreadPoolExecutor.java:614) [?:?]
	at java.base/java.lang.Thread.run(Thread.java:1474) [?:?]
[2026-01-22 13:00:36,563] [2-thread-2] [ERROR] [com.ibm.quantumsafe.sca.framework.common.JavaGenerateGraphModelImpl] - Failed to create a graph for /Users/I570104/Documents/SAP Signavio/PqcMigration/Repos/Abstracted-Crypto-Usage/src/tests_disabled/java/example/crypto/signature/SignatureExampleTest.java
java.lang.IllegalStateException: Error: cannot find the ClassInfo of example.crypto.signature.SignatureExampleTest
	at com.ibm.quantumsafe.sca.slicer.graph.ClassGraphBuilder.buildInheritedDataMembersGivenMyClassName(ClassGraphBuilder.java:508) ~[quantum-safe-sca-tng-0.0.1-SNAPSHOT.jar:?]
	at com.ibm.quantumsafe.sca.slicer.graph.ClassGraphBuilder.buildDataMembersAndEnums(ClassGraphBuilder.java:373) ~[quantum-safe-sca-tng-0.0.1-SNAPSHOT.jar:?]
	at com.ibm.quantumsafe.sca.slicer.graph.ClassGraphBuilder.buildOneClass(ClassGraphBuilder.java:260) ~[quantum-safe-sca-tng-0.0.1-SNAPSHOT.jar:?]
	at com.ibm.quantumsafe.sca.slicer.graph.GraphBuilder.buildGraphFromANTLR(GraphBuilder.java:145) ~[quantum-safe-sca-tng-0.0.1-SNAPSHOT.jar:?]
	at com.ibm.quantumsafe.sca.slicer.graph.GraphBuilder.createGraphFromInput(GraphBuilder.java:65) ~[quantum-safe-sca-tng-0.0.1-SNAPSHOT.jar:?]
	at com.ibm.quantumsafe.sca.slicer.AppData.createGraphForInputFile(AppData.java:140) ~[quantum-safe-sca-tng-0.0.1-SNAPSHOT.jar:?]
	at com.ibm.quantumsafe.sca.framework.common.JavaGenerateGraphModelImpl.execute(JavaGenerateGraphModelImpl.java:63) [quantum-safe-sca-tng-0.0.1-SNAPSHOT.jar:?]
	at com.ibm.quantumsafe.sca.framework.standalone.StandaloneTask.extracted(StandaloneTask.java:733) [quantum-safe-sca-tng-0.0.1-SNAPSHOT.jar:?]
	at com.ibm.quantumsafe.sca.framework.standalone.StandaloneTask.filterFileToBeProcessed2(StandaloneTask.java:699) [quantum-safe-sca-tng-0.0.1-SNAPSHOT.jar:?]
	at com.ibm.quantumsafe.sca.framework.standalone.StandaloneTask.filterFileToBeProcessed(StandaloneTask.java:663) [quantum-safe-sca-tng-0.0.1-SNAPSHOT.jar:?]
	at com.ibm.quantumsafe.sca.framework.standalone.StandaloneTask.runTask2b(StandaloneTask.java:606) [quantum-safe-sca-tng-0.0.1-SNAPSHOT.jar:?]
	at com.ibm.quantumsafe.sca.framework.standalone.StandaloneTask.runTask2a(StandaloneTask.java:373) [quantum-safe-sca-tng-0.0.1-SNAPSHOT.jar:?]
	at com.ibm.quantumsafe.sca.framework.standalone.StandaloneTask.runTask(StandaloneTask.java:220) [quantum-safe-sca-tng-0.0.1-SNAPSHOT.jar:?]
	at com.ibm.quantumsafe.sca.framework.standalone.StandaloneTask.runTaskLocal(StandaloneTask.java:1008) [quantum-safe-sca-tng-0.0.1-SNAPSHOT.jar:?]
	at com.ibm.quantumsafe.sca.framework.standalone.StandaloneTask.runTask2(StandaloneTask.java:894) [quantum-safe-sca-tng-0.0.1-SNAPSHOT.jar:?]
	at com.ibm.quantumsafe.sca.framework.standalone.StandaloneTask.runTask(StandaloneTask.java:855) [quantum-safe-sca-tng-0.0.1-SNAPSHOT.jar:?]
	at com.ibm.quantumsafe.lang.driver.DriverBase.javaBuildRdfGraphModel(DriverBase.java:291) [quantum-safe-sca-tng-0.0.1-SNAPSHOT.jar:?]
	at com.ibm.quantumsafe.lang.driver.DriverBase.java(DriverBase.java:251) [quantum-safe-sca-tng-0.0.1-SNAPSHOT.jar:?]
	at com.ibm.quantumsafe.lang.driver.DriverBase.multiLanguageSelection(DriverBase.java:202) [quantum-safe-sca-tng-0.0.1-SNAPSHOT.jar:?]
	at com.ibm.quantumsafe.lang.driver.DriverBase.selectStep(DriverBase.java:170) [quantum-safe-sca-tng-0.0.1-SNAPSHOT.jar:?]
	at com.ibm.quantumsafe.lang.driver.DriverBase.processSingleSteps(DriverBase.java:156) [quantum-safe-sca-tng-0.0.1-SNAPSHOT.jar:?]
	at com.ibm.quantumsafe.lang.driver.DriverBase.execute1(DriverBase.java:132) [quantum-safe-sca-tng-0.0.1-SNAPSHOT.jar:?]
	at com.ibm.quantumsafe.lang.driver.DriverBase.execute(DriverBase.java:115) [quantum-safe-sca-tng-0.0.1-SNAPSHOT.jar:?]
	at com.ibm.quantumsafe.integrator.impl.IntegratorAPIImpl.lambda$execute$1(IntegratorAPIImpl.java:156) [quantum-safe-integration-0.0.1-SNAPSHOT.jar:?]
	at java.base/java.util.concurrent.FutureTask.run(FutureTask.java:328) [?:?]
	at java.base/java.util.concurrent.ThreadPoolExecutor.runWorker(ThreadPoolExecutor.java:1090) [?:?]
	at java.base/java.util.concurrent.ThreadPoolExecutor$Worker.run(ThreadPoolExecutor.java:614) [?:?]
	at java.base/java.lang.Thread.run(Thread.java:1474) [?:?]
[2026-01-22 13:00:36,578] [2-thread-2] [ERROR] [com.ibm.quantumsafe.sca.framework.common.JavaGenerateGraphModelImpl] - Failed to create a graph for /Users/I570104/Documents/SAP Signavio/PqcMigration/Repos/Abstracted-Crypto-Usage/src/tests_disabled/java/example/crypto/symmetric/AesEncryptionExampleTest.java
java.lang.IllegalStateException: Error: cannot find the ClassInfo of example.crypto.symmetric.AesEncryptionExampleTest
	at com.ibm.quantumsafe.sca.slicer.graph.ClassGraphBuilder.buildInheritedDataMembersGivenMyClassName(ClassGraphBuilder.java:508) ~[quantum-safe-sca-tng-0.0.1-SNAPSHOT.jar:?]
	at com.ibm.quantumsafe.sca.slicer.graph.ClassGraphBuilder.buildDataMembersAndEnums(ClassGraphBuilder.java:373) ~[quantum-safe-sca-tng-0.0.1-SNAPSHOT.jar:?]
	at com.ibm.quantumsafe.sca.slicer.graph.ClassGraphBuilder.buildOneClass(ClassGraphBuilder.java:260) ~[quantum-safe-sca-tng-0.0.1-SNAPSHOT.jar:?]
	at com.ibm.quantumsafe.sca.slicer.graph.GraphBuilder.buildGraphFromANTLR(GraphBuilder.java:145) ~[quantum-safe-sca-tng-0.0.1-SNAPSHOT.jar:?]
	at com.ibm.quantumsafe.sca.slicer.graph.GraphBuilder.createGraphFromInput(GraphBuilder.java:65) ~[quantum-safe-sca-tng-0.0.1-SNAPSHOT.jar:?]
	at com.ibm.quantumsafe.sca.slicer.AppData.createGraphForInputFile(AppData.java:140) ~[quantum-safe-sca-tng-0.0.1-SNAPSHOT.jar:?]
	at com.ibm.quantumsafe.sca.framework.common.JavaGenerateGraphModelImpl.execute(JavaGenerateGraphModelImpl.java:63) [quantum-safe-sca-tng-0.0.1-SNAPSHOT.jar:?]
	at com.ibm.quantumsafe.sca.framework.standalone.StandaloneTask.extracted(StandaloneTask.java:733) [quantum-safe-sca-tng-0.0.1-SNAPSHOT.jar:?]
	at com.ibm.quantumsafe.sca.framework.standalone.StandaloneTask.filterFileToBeProcessed2(StandaloneTask.java:699) [quantum-safe-sca-tng-0.0.1-SNAPSHOT.jar:?]
	at com.ibm.quantumsafe.sca.framework.standalone.StandaloneTask.filterFileToBeProcessed(StandaloneTask.java:663) [quantum-safe-sca-tng-0.0.1-SNAPSHOT.jar:?]
	at com.ibm.quantumsafe.sca.framework.standalone.StandaloneTask.runTask2b(StandaloneTask.java:606) [quantum-safe-sca-tng-0.0.1-SNAPSHOT.jar:?]
	at com.ibm.quantumsafe.sca.framework.standalone.StandaloneTask.runTask2a(StandaloneTask.java:373) [quantum-safe-sca-tng-0.0.1-SNAPSHOT.jar:?]
	at com.ibm.quantumsafe.sca.framework.standalone.StandaloneTask.runTask(StandaloneTask.java:220) [quantum-safe-sca-tng-0.0.1-SNAPSHOT.jar:?]
	at com.ibm.quantumsafe.sca.framework.standalone.StandaloneTask.runTaskLocal(StandaloneTask.java:1008) [quantum-safe-sca-tng-0.0.1-SNAPSHOT.jar:?]
	at com.ibm.quantumsafe.sca.framework.standalone.StandaloneTask.runTask2(StandaloneTask.java:894) [quantum-safe-sca-tng-0.0.1-SNAPSHOT.jar:?]
	at com.ibm.quantumsafe.sca.framework.standalone.StandaloneTask.runTask(StandaloneTask.java:855) [quantum-safe-sca-tng-0.0.1-SNAPSHOT.jar:?]
	at com.ibm.quantumsafe.lang.driver.DriverBase.javaBuildRdfGraphModel(DriverBase.java:291) [quantum-safe-sca-tng-0.0.1-SNAPSHOT.jar:?]
	at com.ibm.quantumsafe.lang.driver.DriverBase.java(DriverBase.java:251) [quantum-safe-sca-tng-0.0.1-SNAPSHOT.jar:?]
	at com.ibm.quantumsafe.lang.driver.DriverBase.multiLanguageSelection(DriverBase.java:202) [quantum-safe-sca-tng-0.0.1-SNAPSHOT.jar:?]
	at com.ibm.quantumsafe.lang.driver.DriverBase.selectStep(DriverBase.java:170) [quantum-safe-sca-tng-0.0.1-SNAPSHOT.jar:?]
	at com.ibm.quantumsafe.lang.driver.DriverBase.processSingleSteps(DriverBase.java:156) [quantum-safe-sca-tng-0.0.1-SNAPSHOT.jar:?]
	at com.ibm.quantumsafe.lang.driver.DriverBase.execute1(DriverBase.java:132) [quantum-safe-sca-tng-0.0.1-SNAPSHOT.jar:?]
	at com.ibm.quantumsafe.lang.driver.DriverBase.execute(DriverBase.java:115) [quantum-safe-sca-tng-0.0.1-SNAPSHOT.jar:?]
	at com.ibm.quantumsafe.integrator.impl.IntegratorAPIImpl.lambda$execute$1(IntegratorAPIImpl.java:156) [quantum-safe-integration-0.0.1-SNAPSHOT.jar:?]
	at java.base/java.util.concurrent.FutureTask.run(FutureTask.java:328) [?:?]
	at java.base/java.util.concurrent.ThreadPoolExecutor.runWorker(ThreadPoolExecutor.java:1090) [?:?]
	at java.base/java.util.concurrent.ThreadPoolExecutor$Worker.run(ThreadPoolExecutor.java:614) [?:?]
	at java.base/java.lang.Thread.run(Thread.java:1474) [?:?]
